\BOOKMARK [1][-]{section*.2}{\376\377\000I\000n\000t\000r\000o\000d\000u\000c\000t\000i\000o\000n\000\040\000t\000o\000\040\000t\000h\000e\000\040\000c\000a\000s\000e}{}% 1
\BOOKMARK [1][-]{section*.3}{\376\377\000A\000s\000s\000i\000g\000n\000m\000e\000n\000t\000\040\0001\000:\000\040\000F\000o\000r\000m\000u\000l\000a\000t\000i\000n\000g\000\040\000a\000n\000\040\000M\000I\000P\000\040\000m\000o\000d\000e\000l\000\040\000w\000i\000t\000h\000\040\000i\000n\000f\000i\000n\000i\000t\000e\000\040\000p\000r\000o\000d\000u\000c\000t\000i\000o\000n\000\040\000c\000a\000p\000a\000c\000i\000t\000y}{}% 2
\BOOKMARK [2][-]{subsection.1.1}{\376\377\000P\000l\000a\000n\000\040\000b\000a\000s\000e\000d\000\040\000o\000n\000\040\000f\000o\000r\000e\000c\000a\000s\000t\000e\000d\000\040\000d\000e\000m\000a\000n\000d}{section*.3}% 3
\BOOKMARK [3][-]{subsubsection.1.1.1}{\376\377\000I\000n\000d\000i\000c\000e\000s}{subsection.1.1}% 4
\BOOKMARK [3][-]{subsubsection.1.1.2}{\376\377\000P\000a\000r\000a\000m\000e\000t\000e\000r\000s}{subsection.1.1}% 5
\BOOKMARK [3][-]{subsubsection.1.1.3}{\376\377\000D\000e\000c\000i\000s\000i\000o\000n\000\040\000v\000a\000r\000i\000a\000b\000l\000e\000s}{subsection.1.1}% 6
\BOOKMARK [3][-]{subsubsection.1.1.4}{\376\377\000M\000o\000d\000e\000l}{subsection.1.1}% 7
\BOOKMARK [3][-]{subsubsection.1.1.5}{\376\377\000C\000o\000n\000s\000t\000r\000a\000i\000n\000t\000s}{subsection.1.1}% 8
\BOOKMARK [3][-]{subsubsection.1.1.6}{\376\377\000O\000p\000t\000i\000m\000a\000l\000\040\000s\000o\000l\000u\000t\000i\000o\000n\000\040\000a\000n\000d\000\040\000d\000i\000f\000f\000e\000r\000e\000n\000t\000\040\000c\000o\000s\000t\000\040\000t\000y\000p\000e\000s}{subsection.1.1}% 9
\BOOKMARK [2][-]{subsection.1.2}{\376\377\000E\000v\000a\000l\000u\000a\000t\000i\000o\000n\000\040\000o\000f\000\040\000t\000h\000e\000\040\000f\000o\000r\000e\000c\000a\000s\000t\000-\000b\000a\000s\000e\000d\000\040\000p\000l\000a\000n\000\040\000u\000n\000d\000e\000r\000\040\000r\000e\000a\000l\000i\000z\000e\000d\000\040\000d\000e\000m\000a\000n\000d}{section*.3}% 10
\BOOKMARK [1][-]{section*.10}{\376\377\000A\000s\000s\000i\000g\000n\000m\000e\000n\000t\000\040\0002\000:\000\040\000A\000d\000j\000u\000s\000t\000i\000n\000g\000\040\000t\000h\000e\000\040\000M\000I\000P\000\040\000m\000o\000d\000e\000l\000\040\000w\000i\000t\000h\000\040\000f\000i\000n\000i\000t\000e\000\040\000p\000r\000o\000d\000u\000c\000t\000i\000o\000n\000\040\000c\000a\000p\000a\000c\000i\000t\000y}{}% 11
\BOOKMARK [2][-]{subsection.2.1}{\376\377\000P\000l\000a\000n\000\040\000b\000a\000s\000e\000d\000\040\000o\000n\000\040\000f\000o\000r\000e\000c\000a\000s\000t\000e\000d\000\040\000d\000e\000m\000a\000n\000d}{section*.10}% 12
\BOOKMARK [3][-]{subsubsection.2.1.1}{\376\377\000N\000e\000w\000\040\000c\000a\000p\000a\000c\000i\000t\000y\000\040\000c\000o\000n\000s\000t\000r\000a\000i\000n\000t\000s}{subsection.2.1}% 13
\BOOKMARK [3][-]{subsubsection.2.1.2}{\376\377\000C\000o\000s\000t\000\040\000c\000o\000m\000p\000a\000r\000i\000s\000o\000n}{subsection.2.1}% 14
\BOOKMARK [2][-]{subsection.2.2}{\376\377\000P\000l\000a\000n\000\040\000u\000s\000e\000d\000\040\000o\000n\000\040\000r\000e\000a\000l\000i\000z\000e\000d\000\040\000d\000e\000m\000a\000n\000d}{section*.10}% 15
\BOOKMARK [1][-]{section*.15}{\376\377\000A\000s\000s\000i\000g\000n\000m\000e\000n\000t\000\040\0003\000:\000\040\000A\000d\000j\000u\000s\000t\000i\000n\000g\000\040\000t\000h\000e\000\040\000M\000I\000P\000\040\000m\000o\000d\000e\000l\000\040\000t\000o\000\040\000o\000v\000e\000r\000t\000i\000m\000e}{}% 16
\BOOKMARK [2][-]{subsection.3.1}{\376\377\000P\000l\000a\000n\000\040\000b\000a\000s\000e\000d\000\040\000o\000n\000\040\000f\000o\000r\000e\000c\000a\000s\000t\000e\000d\000\040\000d\000e\000m\000a\000n\000d}{section*.15}% 17
\BOOKMARK [3][-]{subsubsection.3.1.1}{\376\377\000D\000e\000c\000i\000s\000i\000o\000n\000\040\000v\000a\000r\000i\000a\000b\000l\000e\000s}{subsection.3.1}% 18
\BOOKMARK [3][-]{subsubsection.3.1.2}{\376\377\000P\000a\000r\000a\000m\000e\000t\000e\000r\000s}{subsection.3.1}% 19
\BOOKMARK [3][-]{subsubsection.3.1.3}{\376\377\000O\000b\000j\000e\000c\000t\000i\000v\000e\000\040\000f\000u\000n\000c\000t\000i\000o\000n}{subsection.3.1}% 20
\BOOKMARK [3][-]{subsubsection.3.1.4}{\376\377\000C\000o\000n\000s\000t\000r\000a\000i\000n\000t\000s}{subsection.3.1}% 21
\BOOKMARK [3][-]{subsubsection.3.1.5}{\376\377\000C\000o\000s\000t\000\040\000c\000o\000m\000p\000a\000r\000i\000s\000o\000n}{subsection.3.1}% 22
\BOOKMARK [2][-]{subsection.3.2}{\376\377\000P\000l\000a\000n\000\040\000u\000s\000e\000d\000\040\000o\000n\000\040\000r\000e\000a\000l\000i\000z\000e\000d\000\040\000d\000e\000m\000a\000n\000d}{section*.15}% 23
\BOOKMARK [1][-]{section*.16}{\376\377\000A\000s\000s\000i\000g\000n\000m\000e\000n\000t\000\040\0004\000:\000\040\000A\000d\000j\000u\000s\000t\000i\000n\000g\000\040\000t\000h\000e\000\040\000M\000I\000P\000\040\000m\000o\000d\000e\000l\000\040\000w\000i\000t\000h\000\040\000m\000a\000c\000h\000i\000n\000e\000\040\000e\000x\000p\000a\000n\000s\000i\000o\000n}{}% 24
\BOOKMARK [2][-]{subsection.4.1}{\376\377\000P\000l\000a\000n\000\040\000b\000a\000s\000e\000d\000\040\000o\000n\000\040\000f\000o\000r\000e\000c\000a\000s\000t\000e\000d\000\040\000d\000e\000m\000a\000n\000d}{section*.16}% 25
\BOOKMARK [3][-]{subsubsection.4.1.1}{\376\377\000D\000e\000c\000i\000s\000i\000o\000n\000\040\000v\000a\000r\000i\000a\000b\000l\000e\000s}{subsection.4.1}% 26
\BOOKMARK [3][-]{subsubsection.4.1.2}{\376\377\000P\000a\000r\000a\000m\000e\000t\000e\000r\000s}{subsection.4.1}% 27
\BOOKMARK [3][-]{subsubsection.4.1.3}{\376\377\000O\000b\000j\000e\000c\000t\000i\000v\000e\000\040\000f\000u\000n\000c\000t\000i\000o\000n}{subsection.4.1}% 28
\BOOKMARK [3][-]{subsubsection.4.1.4}{\376\377\000C\000o\000n\000s\000t\000r\000a\000i\000n\000t\000s}{subsection.4.1}% 29
\BOOKMARK [3][-]{subsubsection.4.1.5}{\376\377\000C\000o\000s\000t\000\040\000c\000o\000m\000p\000a\000r\000i\000s\000o\000n}{subsection.4.1}% 30
\BOOKMARK [2][-]{subsection.4.2}{\376\377\000P\000l\000a\000n\000\040\000b\000a\000s\000e\000d\000\040\000o\000n\000\040\000r\000e\000a\000l\000i\000z\000e\000d\000\040\000d\000e\000m\000a\000n\000d}{section*.16}% 31
\BOOKMARK [1][-]{section*.17}{\376\377\000A\000s\000s\000i\000g\000n\000m\000e\000n\000t\000\040\0005\000:\000\040\000A\000d\000j\000u\000s\000t\000i\000n\000g\000\040\000t\000h\000e\000\040\000M\000I\000P\000\040\000m\000o\000d\000e\000l\000\040\000w\000i\000t\000h\000\040\000o\000v\000e\000r\000t\000i\000m\000e\000\040\000a\000n\000d\000\040\000m\000a\000c\000h\000i\000n\000e\000\040\000e\000x\000p\000a\000n\000s\000i\000o\000n}{}% 32
\BOOKMARK [2][-]{subsection.5.1}{\376\377\000P\000l\000a\000n\000\040\000b\000a\000s\000e\000d\000\040\000o\000n\000\040\000f\000o\000r\000e\000c\000a\000s\000t\000e\000d\000\040\000d\000e\000m\000a\000n\000d}{section*.17}% 33
\BOOKMARK [3][-]{subsubsection.5.1.1}{\376\377\000P\000a\000r\000a\000m\000e\000t\000e\000r\000s}{subsection.5.1}% 34
\BOOKMARK [3][-]{subsubsection.5.1.2}{\376\377\000O\000b\000j\000e\000c\000t\000i\000v\000e\000\040\000f\000u\000n\000c\000t\000i\000o\000n}{subsection.5.1}% 35
\BOOKMARK [3][-]{subsubsection.5.1.3}{\376\377\000C\000o\000n\000s\000t\000r\000a\000i\000n\000t\000s}{subsection.5.1}% 36
\BOOKMARK [3][-]{subsubsection.5.1.4}{\376\377\000C\000o\000s\000t\000\040\000c\000o\000m\000p\000a\000r\000i\000s\000o\000n}{subsection.5.1}% 37
\BOOKMARK [2][-]{subsection.5.2}{\376\377\000P\000l\000a\000n\000\040\000b\000a\000s\000e\000d\000\040\000o\000n\000\040\000r\000e\000a\000l\000i\000z\000e\000d\000\040\000d\000e\000m\000a\000n\000d}{section*.17}% 38
